This is pdfTeX, Version 3.141592653-2.6-1.40.25 (TeX Live 2023) (preloaded format=pdflatex 2023.5.2)  27 MAY 2023 16:29
entering extended mode
 restricted \write18 enabled.
 file:line:error style messages enabled.
 %&-line parsing enabled.
**"c:/Users/feder/project/Event Horizon/event-horizon-api/docs/diagrams/useCasesAuth.tex"
(c:/Users/feder/project/Event Horizon/event-horizon-api/docs/diagrams/useCasesAuth.tex
LaTeX2e <2022-11-01> patch level 1
L3 programming layer <2023-04-20>

c:/Users/feder/project/Event Horizon/event-horizon-api/docs/diagrams/useCasesAuth.tex:1: LaTeX Error: \usepackage before \documentclass.

See the LaTeX manual or LaTeX Companion for explanation.
Type  H <return>  for immediate help.
 ...                                              
                                                  
l.1 \usepackage{
                tikz-uml}
\usepackage may only appear in the document preamble, i.e.,
between \documentclass and \begin{document}.

(c:/texlive/2023/texmf-dist/tex/latex/l3backend/l3backend-pdftex.def
File: l3backend-pdftex.def 2023-04-19 L3 backend support: PDF output (pdfTeX)
\l__color_backend_stack_int=\count185
\l__pdf_internal_box=\box51
) (build/useCasesAuth.aux)
\openout1 = `useCasesAuth.aux'.

LaTeX Font Info:    Checking defaults for OML/cmm/m/it on input line 3.
LaTeX Font Info:    ... okay on input line 3.
LaTeX Font Info:    Checking defaults for OMS/cmsy/m/n on input line 3.
LaTeX Font Info:    ... okay on input line 3.
LaTeX Font Info:    Checking defaults for OT1/cmr/m/n on input line 3.
LaTeX Font Info:    ... okay on input line 3.
LaTeX Font Info:    Checking defaults for T1/cmr/m/n on input line 3.
LaTeX Font Info:    ... okay on input line 3.
LaTeX Font Info:    Checking defaults for TS1/cmr/m/n on input line 3.
LaTeX Font Info:    ... okay on input line 3.
LaTeX Font Info:    Checking defaults for OMX/cmex/m/n on input line 3.
LaTeX Font Info:    ... okay on input line 3.
LaTeX Font Info:    Checking defaults for U/cmr/m/n on input line 3.
LaTeX Font Info:    ... okay on input line 3.


c:/Users/feder/project/Event Horizon/event-horizon-api/docs/diagrams/useCasesAuth.tex:3: LaTeX Error: The font size command \normalsize is not defined:
               there is probably something wrong with the class file.

See the LaTeX manual or LaTeX Companion for explanation.
Type  H <return>  for immediate help.
 ...                                              
                                                  
l.3 \begin{document}
                    
Your command was ignored.
Type  I <command> <return>  to replace it with another command,
or  <return>  to continue without it.


c:/Users/feder/project/Event Horizon/event-horizon-api/docs/diagrams/useCasesAuth.tex:4: LaTeX Error: Environment tikzpicture undefined.

See the LaTeX manual or LaTeX Companion for explanation.
Type  H <return>  for immediate help.
 ...                                              
                                                  
l.4 \begin{tikzpicture}
                       
Your command was ignored.
Type  I <command> <return>  to replace it with another command,
or  <return>  to continue without it.

c:/Users/feder/project/Event Horizon/event-horizon-api/docs/diagrams/useCasesAuth.tex:5: Undefined control sequence.
l.5   \umlactor
               [x=0, y=5]{Usuario Autenticado}
The control sequence at the end of the top line
of your error message was never \def'ed. If you have
misspelled it (e.g., `\hobx'), type `I' and the correct
spelling (e.g., `I\hbox'). Otherwise just continue,
and I'll forget about whatever was undefined.


c:/Users/feder/project/Event Horizon/event-horizon-api/docs/diagrams/useCasesAuth.tex:7: LaTeX Error: Environment umlsystem undefined.

See the LaTeX manual or LaTeX Companion for explanation.
Type  H <return>  for immediate help.
 ...                                              
                                                  
l.7   \begin{umlsystem}
                       [x=-8]{After Login}
Your command was ignored.
Type  I <command> <return>  to replace it with another command,
or  <return>  to continue without it.

c:/Users/feder/project/Event Horizon/event-horizon-api/docs/diagrams/useCasesAuth.tex:8: Undefined control sequence.
l.8     \umlusecase
                   [x=4, y=10, width=1.8cm]{Iniciar Sesión}
The control sequence at the end of the top line
of your error message was never \def'ed. If you have
misspelled it (e.g., `\hobx'), type `I' and the correct
spelling (e.g., `I\hbox'). Otherwise just continue,
and I'll forget about whatever was undefined.


c:/Users/feder/project/Event Horizon/event-horizon-api/docs/diagrams/useCasesAuth.tex:9: LaTeX Error: \begin{document} ended by \end{umlsystem}.

See the LaTeX manual or LaTeX Companion for explanation.
Type  H <return>  for immediate help.
 ...                                              
                                                  
l.9   \end{umlsystem}
                     
Your command was ignored.
Type  I <command> <return>  to replace it with another command,
or  <return>  to continue without it.


c:/Users/feder/project/Event Horizon/event-horizon-api/docs/diagrams/useCasesAuth.tex:11: LaTeX Error: Environment umlsystem undefined.

See the LaTeX manual or LaTeX Companion for explanation.
Type  H <return>  for immediate help.
 ...                                              
                                                  
l.11   \begin{umlsystem}
                        [x=0]{Sistema}
Your command was ignored.
Type  I <command> <return>  to replace it with another command,
or  <return>  to continue without it.

c:/Users/feder/project/Event Horizon/event-horizon-api/docs/diagrams/useCasesAuth.tex:12: Undefined control sequence.
l.12     \umlusecase
                    [x=4, y=14, width=1.8cm]{Ver eventos públicos.}
The control sequence at the end of the top line
of your error message was never \def'ed. If you have
misspelled it (e.g., `\hobx'), type `I' and the correct
spelling (e.g., `I\hbox'). Otherwise just continue,
and I'll forget about whatever was undefined.

c:/Users/feder/project/Event Horizon/event-horizon-api/docs/diagrams/useCasesAuth.tex:13: Undefined control sequence.
l.13     \umlusecase
                    [x=6, y=12, width=1.8cm]{Ver eventos privados (propios o...
The control sequence at the end of the top line
of your error message was never \def'ed. If you have
misspelled it (e.g., `\hobx'), type `I' and the correct
spelling (e.g., `I\hbox'). Otherwise just continue,
and I'll forget about whatever was undefined.

c:/Users/feder/project/Event Horizon/event-horizon-api/docs/diagrams/useCasesAuth.tex:14: Undefined control sequence.
l.14     \umlusecase
                    [x=7, y=10, width=1.8cm]{Ver detalles del evento.}
The control sequence at the end of the top line
of your error message was never \def'ed. If you have
misspelled it (e.g., `\hobx'), type `I' and the correct
spelling (e.g., `I\hbox'). Otherwise just continue,
and I'll forget about whatever was undefined.

c:/Users/feder/project/Event Horizon/event-horizon-api/docs/diagrams/useCasesAuth.tex:15: Undefined control sequence.
l.15     \umlusecase
                    [x=8, y=8, width=1.8cm]{Registrarse en evento público o...
The control sequence at the end of the top line
of your error message was never \def'ed. If you have
misspelled it (e.g., `\hobx'), type `I' and the correct
spelling (e.g., `I\hbox'). Otherwise just continue,
and I'll forget about whatever was undefined.

c:/Users/feder/project/Event Horizon/event-horizon-api/docs/diagrams/useCasesAuth.tex:16: Undefined control sequence.
l.16     \umlusecase
                    [x=8, y=6, width=1.8cm]{Cerrar sesión}
The control sequence at the end of the top line
of your error message was never \def'ed. If you have
misspelled it (e.g., `\hobx'), type `I' and the correct
spelling (e.g., `I\hbox'). Otherwise just continue,
and I'll forget about whatever was undefined.

c:/Users/feder/project/Event Horizon/event-horizon-api/docs/diagrams/useCasesAuth.tex:17: Undefined control sequence.
l.17     \umlusecase
                    [x=7, y=4, width=1.8cm]{Crear evento.}
The control sequence at the end of the top line
of your error message was never \def'ed. If you have
misspelled it (e.g., `\hobx'), type `I' and the correct
spelling (e.g., `I\hbox'). Otherwise just continue,
and I'll forget about whatever was undefined.

c:/Users/feder/project/Event Horizon/event-horizon-api/docs/diagrams/useCasesAuth.tex:18: Undefined control sequence.
l.18     \umlusecase
                    [x=6, y=2, width=1.8cm]{Editar evento propio.}
The control sequence at the end of the top line
of your error message was never \def'ed. If you have
misspelled it (e.g., `\hobx'), type `I' and the correct
spelling (e.g., `I\hbox'). Otherwise just continue,
and I'll forget about whatever was undefined.

c:/Users/feder/project/Event Horizon/event-horizon-api/docs/diagrams/useCasesAuth.tex:19: Undefined control sequence.
l.19     \umlusecase
                    [x=4, y=0, width=1.8cm]{Eliminar evento propio.}
The control sequence at the end of the top line
of your error message was never \def'ed. If you have
misspelled it (e.g., `\hobx'), type `I' and the correct
spelling (e.g., `I\hbox'). Otherwise just continue,
and I'll forget about whatever was undefined.


c:/Users/feder/project/Event Horizon/event-horizon-api/docs/diagrams/useCasesAuth.tex:20: LaTeX Error: \begin{document} ended by \end{umlsystem}.

See the LaTeX manual or LaTeX Companion for explanation.
Type  H <return>  for immediate help.
 ...                                              
                                                  
l.20   \end{umlsystem}
                      
Your command was ignored.
Type  I <command> <return>  to replace it with another command,
or  <return>  to continue without it.

c:/Users/feder/project/Event Horizon/event-horizon-api/docs/diagrams/useCasesAuth.tex:22: Undefined control sequence.
l.22   \umlassoc
                {Usuario Autenticado}{usecase-1}
The control sequence at the end of the top line
of your error message was never \def'ed. If you have
misspelled it (e.g., `\hobx'), type `I' and the correct
spelling (e.g., `I\hbox'). Otherwise just continue,
and I'll forget about whatever was undefined.

c:/Users/feder/project/Event Horizon/event-horizon-api/docs/diagrams/useCasesAuth.tex:23: Undefined control sequence.
l.23   \umlassoc
                {Usuario Autenticado}{usecase-2}
The control sequence at the end of the top line
of your error message was never \def'ed. If you have
misspelled it (e.g., `\hobx'), type `I' and the correct
spelling (e.g., `I\hbox'). Otherwise just continue,
and I'll forget about whatever was undefined.

c:/Users/feder/project/Event Horizon/event-horizon-api/docs/diagrams/useCasesAuth.tex:24: Undefined control sequence.
l.24   \umlassoc
                {Usuario Autenticado}{usecase-3}
The control sequence at the end of the top line
of your error message was never \def'ed. If you have
misspelled it (e.g., `\hobx'), type `I' and the correct
spelling (e.g., `I\hbox'). Otherwise just continue,
and I'll forget about whatever was undefined.

c:/Users/feder/project/Event Horizon/event-horizon-api/docs/diagrams/useCasesAuth.tex:25: Undefined control sequence.
l.25   \umlassoc
                {Usuario Autenticado}{usecase-4}
The control sequence at the end of the top line
of your error message was never \def'ed. If you have
misspelled it (e.g., `\hobx'), type `I' and the correct
spelling (e.g., `I\hbox'). Otherwise just continue,
and I'll forget about whatever was undefined.

c:/Users/feder/project/Event Horizon/event-horizon-api/docs/diagrams/useCasesAuth.tex:26: Undefined control sequence.
l.26   \umlassoc
                {Usuario Autenticado}{usecase-5}
The control sequence at the end of the top line
of your error message was never \def'ed. If you have
misspelled it (e.g., `\hobx'), type `I' and the correct
spelling (e.g., `I\hbox'). Otherwise just continue,
and I'll forget about whatever was undefined.

c:/Users/feder/project/Event Horizon/event-horizon-api/docs/diagrams/useCasesAuth.tex:27: Undefined control sequence.
l.27   \umlassoc
                {Usuario Autenticado}{usecase-6}
The control sequence at the end of the top line
of your error message was never \def'ed. If you have
misspelled it (e.g., `\hobx'), type `I' and the correct
spelling (e.g., `I\hbox'). Otherwise just continue,
and I'll forget about whatever was undefined.

c:/Users/feder/project/Event Horizon/event-horizon-api/docs/diagrams/useCasesAuth.tex:28: Undefined control sequence.
l.28   \umlassoc
                {Usuario Autenticado}{usecase-7}
The control sequence at the end of the top line
of your error message was never \def'ed. If you have
misspelled it (e.g., `\hobx'), type `I' and the correct
spelling (e.g., `I\hbox'). Otherwise just continue,
and I'll forget about whatever was undefined.

c:/Users/feder/project/Event Horizon/event-horizon-api/docs/diagrams/useCasesAuth.tex:29: Undefined control sequence.
l.29   \umlassoc
                {Usuario Autenticado}{usecase-8}
The control sequence at the end of the top line
of your error message was never \def'ed. If you have
misspelled it (e.g., `\hobx'), type `I' and the correct
spelling (e.g., `I\hbox'). Otherwise just continue,
and I'll forget about whatever was undefined.

c:/Users/feder/project/Event Horizon/event-horizon-api/docs/diagrams/useCasesAuth.tex:30: Undefined control sequence.
l.30   \umlassoc
                {Usuario Autenticado}{usecase-9}
The control sequence at the end of the top line
of your error message was never \def'ed. If you have
misspelled it (e.g., `\hobx'), type `I' and the correct
spelling (e.g., `I\hbox'). Otherwise just continue,
and I'll forget about whatever was undefined.


c:/Users/feder/project/Event Horizon/event-horizon-api/docs/diagrams/useCasesAuth.tex:32: LaTeX Error: \begin{document} ended by \end{tikzpicture}.

See the LaTeX manual or LaTeX Companion for explanation.
Type  H <return>  for immediate help.
 ...                                              
                                                  
l.32 \end{tikzpicture}
                      
Your command was ignored.
Type  I <command> <return>  to replace it with another command,
or  <return>  to continue without it.

)
! Emergency stop.
<*> ...horizon-api/docs/diagrams/useCasesAuth.tex"
                                                  
*** (job aborted, no legal \end found)

 
Here is how much of TeX's memory you used:
 215 strings out of 476001
 5873 string characters out of 5793198
 1850068 words of memory out of 5000000
 20784 multiletter control sequences out of 15000+600000
 512287 words of font info for 32 fonts, out of 8000000 for 9000
 1141 hyphenation exceptions out of 8191
 33i,1n,35p,204b,40s stack positions out of 10000i,1000n,20000p,200000b,200000s
!  ==> Fatal error occurred, no output PDF file produced!
